build/app/intermediates/manifest_merge_blame_file/release/manifest-merger-blame-release-report.txt
1<?xml version="1.0" encoding="utf-8"?>
2<manifest xmlns:android="http://schemas.android.com/apk/res/android"
3    package="com.cryptasap.club"
4    android:versionCode="3"
5    android:versionName="1.0.3" >
6
7    <uses-sdk
8        android:minSdkVersion="16"
8-->src/main/AndroidManifest.xml
9        android:targetSdkVersion="33" />
9-->src/main/AndroidManifest.xml
10
11    <queries>
11-->src/main/AndroidManifest.xml:2:5-9:15
12        <intent>
12-->src/main/AndroidManifest.xml:3:9-7:18
13            <action android:name="android.intent.action.VIEW" />
13-->src/main/AndroidManifest.xml:4:13-65
13-->src/main/AndroidManifest.xml:4:21-62
14
15            <category android:name="android.intent.category.BROWSABLE" />
15-->src/main/AndroidManifest.xml:5:13-74
15-->src/main/AndroidManifest.xml:5:23-71
16
17            <data android:scheme="https" />
17-->src/main/AndroidManifest.xml:6:13-44
17-->src/main/AndroidManifest.xml:6:19-41
18        </intent>
19
20        <package android:name="org.telegram.messenger" />
20-->src/main/AndroidManifest.xml:8:10-59
20-->src/main/AndroidManifest.xml:8:19-56
21    </queries>
22
23    <application
24        android:name="android.app.Application"
24-->src/main/AndroidManifest.xml:12:9-42
25        android:appComponentFactory="androidx.core.app.CoreComponentFactory"
25-->[androidx.core:core:1.6.0] AndroidManifest.xml:24:18-86
26        android:icon="@mipmap/launcher_icon"
26-->src/main/AndroidManifest.xml:13:9-45
27        android:label="cryptasap" >
27-->src/main/AndroidManifest.xml:11:9-34
28        <activity
28-->src/main/AndroidManifest.xml:14:9-34:20
29            android:name="com.cryptasap.club.MainActivity"
29-->src/main/AndroidManifest.xml:15:13-41
30            android:configChanges="orientation|keyboardHidden|keyboard|screenSize|smallestScreenSize|locale|layoutDirection|fontScale|screenLayout|density|uiMode"
30-->src/main/AndroidManifest.xml:19:13-163
31            android:exported="true"
31-->src/main/AndroidManifest.xml:16:13-36
32            android:hardwareAccelerated="true"
32-->src/main/AndroidManifest.xml:20:13-47
33            android:launchMode="singleTop"
33-->src/main/AndroidManifest.xml:17:13-43
34            android:theme="@style/LaunchTheme"
34-->src/main/AndroidManifest.xml:18:13-47
35            android:windowSoftInputMode="adjustResize" >
35-->src/main/AndroidManifest.xml:21:13-55
36
37            <!--
38                 Specifies an Android theme to apply to this Activity as soon as
39                 the Android process has started. This theme is visible to the user
40                 while the Flutter UI initializes. After that, this theme continues
41                 to determine the Window background behind the Flutter UI.
42            -->
43            <meta-data
43-->src/main/AndroidManifest.xml:26:13-29:17
44                android:name="io.flutter.embedding.android.NormalTheme"
44-->src/main/AndroidManifest.xml:27:15-70
45                android:resource="@style/NormalTheme" />
45-->src/main/AndroidManifest.xml:28:15-52
46
47            <intent-filter>
47-->src/main/AndroidManifest.xml:30:13-33:29
48                <action android:name="android.intent.action.MAIN" />
48-->src/main/AndroidManifest.xml:31:17-68
48-->src/main/AndroidManifest.xml:31:25-66
49
50                <category android:name="android.intent.category.LAUNCHER" />
50-->src/main/AndroidManifest.xml:32:17-76
50-->src/main/AndroidManifest.xml:32:27-74
51            </intent-filter>
52        </activity>
53        <!--
54             Don't delete the meta-data below.
55             This is used by the Flutter tool to generate GeneratedPluginRegistrant.java
56        -->
57        <meta-data
57-->src/main/AndroidManifest.xml:37:9-39:33
58            android:name="flutterEmbedding"
58-->src/main/AndroidManifest.xml:38:13-44
59            android:value="2" />
59-->src/main/AndroidManifest.xml:39:13-30
60
61        <activity
61-->[:url_launcher_android] AndroidManifest.xml:10:9-13:74
62            android:name="io.flutter.plugins.urllauncher.WebViewActivity"
62-->[:url_launcher_android] AndroidManifest.xml:11:13-74
63            android:exported="false"
63-->[:url_launcher_android] AndroidManifest.xml:12:13-37
64            android:theme="@android:style/Theme.NoTitleBar.Fullscreen" />
64-->[:url_launcher_android] AndroidManifest.xml:13:13-71
65
66        <uses-library
66-->[androidx.window:window:1.0.0-beta04] AndroidManifest.xml:25:9-27:40
67            android:name="androidx.window.extensions"
67-->[androidx.window:window:1.0.0-beta04] AndroidManifest.xml:26:13-54
68            android:required="false" />
68-->[androidx.window:window:1.0.0-beta04] AndroidManifest.xml:27:13-37
69        <uses-library
69-->[androidx.window:window:1.0.0-beta04] AndroidManifest.xml:28:9-30:40
70            android:name="androidx.window.sidecar"
70-->[androidx.window:window:1.0.0-beta04] AndroidManifest.xml:29:13-51
71            android:required="false" />
71-->[androidx.window:window:1.0.0-beta04] AndroidManifest.xml:30:13-37
72    </application>
73
74</manifest>